<?xml version="1.0" encoding="UTF-8"?>
<!-- Generated by org.testng.reporters.JUnitReportReporter -->
<testsuite hostname="LIPU-PC" failures="0" tests="1" name="testRunnerProject8.TestRunnerProject8" time="5.150" errors="0" timestamp="2023-08-19T23:36:56 EDT" skipped="0">
  <testcase classname="testRunnerProject8.TestRunnerProject8" name="feature" time="5.150"/>
  <system-out/>
</testsuite> <!-- testRunnerProject8.TestRunnerProject8 -->
