<?xml version="1.0" encoding="UTF-8"?>
<!-- Generated by org.testng.reporters.JUnitReportReporter -->
<testsuite hostname="LIPU-PC" failures="0" tests="1" name="testRunnerProject8.TestRunnerProject8" time="10.007" errors="0" timestamp="2023-08-20T16:14:07 EDT" skipped="0">
  <testcase classname="testRunnerProject8.TestRunnerProject8" name="feature" time="10.007"/>
  <system-out/>
</testsuite> <!-- testRunnerProject8.TestRunnerProject8 -->
